<?xml version="1.0" encoding="UTF-8"?>
<!-- Generated by org.testng.reporters.JUnitReportReporter -->
<testsuite skipped="0" hostname="IRIS-CSG-1591" name="TestCase.TC001" tests="1" failures="0" timestamp="14 Jul 2020 05:43:49 GMT" time="6.129" errors="0">
  <testcase name="validatelogin" time="6.129" classname="TestCase.TC001"/>
</testsuite> <!-- TestCase.TC001 -->
